2015/11/12 15:39:25 [trace] [system.CModule] Loading "log" application component
in /home/ins7/develop/resume/index.php (12)
2015/11/12 15:39:25 [trace] [system.CModule] Loading "bootstrap" application component
in /home/ins7/develop/resume/index.php (12)
2015/11/12 15:39:25 [trace] [system.CModule] Loading "clientScript" application component
in /home/ins7/develop/resume/protected/extensions/bootstrap/components/Bootstrap.php (103)
in /home/ins7/develop/resume/protected/extensions/bootstrap/components/Bootstrap.php (84)
in /home/ins7/develop/resume/index.php (12)
2015/11/12 15:39:25 [trace] [system.CModule] Loading "assetManager" application component
in /home/ins7/develop/resume/protected/extensions/bootstrap/components/Bootstrap.php (328)
in /home/ins7/develop/resume/protected/extensions/bootstrap/components/Bootstrap.php (103)
in /home/ins7/develop/resume/protected/extensions/bootstrap/components/Bootstrap.php (84)
2015/11/12 15:39:25 [trace] [system.CModule] Loading "request" application component
in /home/ins7/develop/resume/protected/extensions/bootstrap/components/Bootstrap.php (328)
in /home/ins7/develop/resume/protected/extensions/bootstrap/components/Bootstrap.php (103)
in /home/ins7/develop/resume/protected/extensions/bootstrap/components/Bootstrap.php (84)
2015/11/12 15:39:25 [trace] [system.CModule] Loading "coreMessages" application component
in /home/ins7/develop/resume/protected/extensions/bootstrap/components/Bootstrap.php (328)
in /home/ins7/develop/resume/protected/extensions/bootstrap/components/Bootstrap.php (103)
in /home/ins7/develop/resume/protected/extensions/bootstrap/components/Bootstrap.php (84)
2015/11/12 15:39:25 [error] [exception.CException] exception 'CException' with message 'Путь CAssetManager.basePath "/home/ins7/develop/resume/assets" задан неверно. Удостоверьтесь, что директория существует и доступна для записи пользователю, под которым запущен веб-сервер.' in /home/ins7/develop/resume/framework/web/CAssetManager.php:138
Stack trace:
#0 /home/ins7/develop/resume/framework/web/CAssetManager.php(123): CAssetManager->setBasePath('/home/ins7/deve...')
#1 /home/ins7/develop/resume/framework/web/CAssetManager.php(217): CAssetManager->getBasePath()
#2 /home/ins7/develop/resume/protected/extensions/bootstrap/components/Bootstrap.php(328): CAssetManager->publish('/home/ins7/deve...', false, -1, true)
#3 /home/ins7/develop/resume/protected/extensions/bootstrap/components/Bootstrap.php(103): Bootstrap->getAssetsUrl()
#4 /home/ins7/develop/resume/protected/extensions/bootstrap/components/Bootstrap.php(84): Bootstrap->registerCoreCss()
#5 /home/ins7/develop/resume/framework/base/CModule.php(387): Bootstrap->init()
#6 /home/ins7/develop/resume/framework/base/CModule.php(523): CModule->getComponent('bootstrap')
#7 /home/ins7/develop/resume/framework/base/CApplication.php(163): CModule->preloadComponents()
#8 /home/ins7/develop/resume/framework/YiiBase.php(125): CApplication->__construct('/home/ins7/deve...')
#9 /home/ins7/develop/resume/framework/YiiBase.php(98): YiiBase::createApplication('CWebApplication', '/home/ins7/deve...')
#10 /home/ins7/develop/resume/index.php(12): YiiBase::createWebApplication('/home/ins7/deve...')
#11 {main}
REQUEST_URI=/
---
2015/11/12 15:39:25 [trace] [system.CModule] Loading "errorHandler" application component
2015/11/12 15:39:37 [trace] [system.CModule] Loading "log" application component
in /home/ins7/develop/resume/index.php (12)
2015/11/12 15:39:37 [trace] [system.CModule] Loading "bootstrap" application component
in /home/ins7/develop/resume/index.php (12)
2015/11/12 15:39:37 [trace] [system.CModule] Loading "clientScript" application component
in /home/ins7/develop/resume/protected/extensions/bootstrap/components/Bootstrap.php (103)
in /home/ins7/develop/resume/protected/extensions/bootstrap/components/Bootstrap.php (84)
in /home/ins7/develop/resume/index.php (12)
2015/11/12 15:39:37 [trace] [system.CModule] Loading "assetManager" application component
in /home/ins7/develop/resume/protected/extensions/bootstrap/components/Bootstrap.php (328)
in /home/ins7/develop/resume/protected/extensions/bootstrap/components/Bootstrap.php (103)
in /home/ins7/develop/resume/protected/extensions/bootstrap/components/Bootstrap.php (84)
2015/11/12 15:39:37 [trace] [system.CModule] Loading "request" application component
in /home/ins7/develop/resume/protected/extensions/bootstrap/components/Bootstrap.php (328)
in /home/ins7/develop/resume/protected/extensions/bootstrap/components/Bootstrap.php (103)
in /home/ins7/develop/resume/protected/extensions/bootstrap/components/Bootstrap.php (84)
2015/11/12 15:39:37 [trace] [system.CModule] Loading "coreMessages" application component
in /home/ins7/develop/resume/protected/extensions/bootstrap/components/Bootstrap.php (328)
in /home/ins7/develop/resume/protected/extensions/bootstrap/components/Bootstrap.php (103)
in /home/ins7/develop/resume/protected/extensions/bootstrap/components/Bootstrap.php (84)
2015/11/12 15:39:37 [error] [exception.CException] exception 'CException' with message 'Путь CAssetManager.basePath "/home/ins7/develop/resume/assets" задан неверно. Удостоверьтесь, что директория существует и доступна для записи пользователю, под которым запущен веб-сервер.' in /home/ins7/develop/resume/framework/web/CAssetManager.php:138
Stack trace:
#0 /home/ins7/develop/resume/framework/web/CAssetManager.php(123): CAssetManager->setBasePath('/home/ins7/deve...')
#1 /home/ins7/develop/resume/framework/web/CAssetManager.php(217): CAssetManager->getBasePath()
#2 /home/ins7/develop/resume/protected/extensions/bootstrap/components/Bootstrap.php(328): CAssetManager->publish('/home/ins7/deve...', false, -1, true)
#3 /home/ins7/develop/resume/protected/extensions/bootstrap/components/Bootstrap.php(103): Bootstrap->getAssetsUrl()
#4 /home/ins7/develop/resume/protected/extensions/bootstrap/components/Bootstrap.php(84): Bootstrap->registerCoreCss()
#5 /home/ins7/develop/resume/framework/base/CModule.php(387): Bootstrap->init()
#6 /home/ins7/develop/resume/framework/base/CModule.php(523): CModule->getComponent('bootstrap')
#7 /home/ins7/develop/resume/framework/base/CApplication.php(163): CModule->preloadComponents()
#8 /home/ins7/develop/resume/framework/YiiBase.php(125): CApplication->__construct('/home/ins7/deve...')
#9 /home/ins7/develop/resume/framework/YiiBase.php(98): YiiBase::createApplication('CWebApplication', '/home/ins7/deve...')
#10 /home/ins7/develop/resume/index.php(12): YiiBase::createWebApplication('/home/ins7/deve...')
#11 {main}
REQUEST_URI=/
---
2015/11/12 15:39:37 [trace] [system.CModule] Loading "errorHandler" application component
2015/11/12 15:39:49 [trace] [system.CModule] Loading "log" application component
in /home/ins7/develop/resume/index.php (12)
2015/11/12 15:39:49 [trace] [system.CModule] Loading "bootstrap" application component
in /home/ins7/develop/resume/index.php (12)
2015/11/12 15:39:49 [trace] [system.CModule] Loading "clientScript" application component
in /home/ins7/develop/resume/protected/extensions/bootstrap/components/Bootstrap.php (103)
in /home/ins7/develop/resume/protected/extensions/bootstrap/components/Bootstrap.php (84)
in /home/ins7/develop/resume/index.php (12)
2015/11/12 15:39:49 [trace] [system.CModule] Loading "assetManager" application component
in /home/ins7/develop/resume/protected/extensions/bootstrap/components/Bootstrap.php (328)
in /home/ins7/develop/resume/protected/extensions/bootstrap/components/Bootstrap.php (103)
in /home/ins7/develop/resume/protected/extensions/bootstrap/components/Bootstrap.php (84)
2015/11/12 15:39:49 [trace] [system.CModule] Loading "request" application component
in /home/ins7/develop/resume/protected/extensions/bootstrap/components/Bootstrap.php (328)
in /home/ins7/develop/resume/protected/extensions/bootstrap/components/Bootstrap.php (103)
in /home/ins7/develop/resume/protected/extensions/bootstrap/components/Bootstrap.php (84)
2015/11/12 15:39:49 [trace] [system.CModule] Loading "urlManager" application component
in /home/ins7/develop/resume/index.php (12)
2015/11/12 15:39:49 [trace] [system.CModule] Loading "user" application component
in /home/ins7/develop/resume/protected/components/Controller.php (42)
in /home/ins7/develop/resume/index.php (12)
2015/11/12 15:39:49 [trace] [system.CModule] Loading "session" application component
in /home/ins7/develop/resume/protected/components/Controller.php (42)
in /home/ins7/develop/resume/index.php (12)
2015/11/12 15:39:49 [trace] [system.CModule] Loading "securityManager" application component
in /home/ins7/develop/resume/protected/components/Controller.php (42)
in /home/ins7/develop/resume/index.php (12)
2015/11/12 15:39:49 [trace] [system.db.ar.CActiveRecord] User.findByPk()
in /home/ins7/develop/resume/protected/controllers/ResumeController.php (20)
in /home/ins7/develop/resume/index.php (12)
2015/11/12 15:39:49 [trace] [system.CModule] Loading "db" application component
in /home/ins7/develop/resume/protected/controllers/ResumeController.php (20)
in /home/ins7/develop/resume/index.php (12)
2015/11/12 15:39:49 [trace] [system.db.CDbConnection] Opening DB connection
in /home/ins7/develop/resume/protected/controllers/ResumeController.php (20)
in /home/ins7/develop/resume/index.php (12)
2015/11/12 15:39:49 [error] [exception.CDbException] exception 'CDbException' with message 'CDbConnection failed to open the DB connection: could not find driver' in /home/ins7/develop/resume/framework/db/CDbConnection.php:382
Stack trace:
#0 /home/ins7/develop/resume/framework/db/CDbConnection.php(330): CDbConnection->open()
#1 /home/ins7/develop/resume/framework/db/CDbConnection.php(308): CDbConnection->setActive(true)
#2 /home/ins7/develop/resume/framework/base/CModule.php(387): CDbConnection->init()
#3 /home/ins7/develop/resume/framework/base/CApplication.php(450): CModule->getComponent('db')
#4 /home/ins7/develop/resume/framework/db/ar/CActiveRecord.php(634): CApplication->getDb()
#5 /home/ins7/develop/resume/framework/db/ar/CActiveRecord.php(1428): CActiveRecord->getDbConnection()
#6 /home/ins7/develop/resume/framework/db/ar/CActiveRecord.php(1484): CActiveRecord->getTableAlias(true)
#7 /home/ins7/develop/resume/protected/controllers/ResumeController.php(20): CActiveRecord->findByPk(1)
#8 /home/ins7/develop/resume/framework/web/actions/CInlineAction.php(49): ResumeController->actionIndex()
#9 /home/ins7/develop/resume/framework/web/CController.php(308): CInlineAction->runWithParams(Array)
#10 /home/ins7/develop/resume/framework/web/CController.php(286): CController->runAction(Object(CInlineAction))
#11 /home/ins7/develop/resume/framework/web/CController.php(265): CController->runActionWithFilters(Object(CInlineAction), Array)
#12 /home/ins7/develop/resume/framework/web/CWebApplication.php(282): CController->run('')
#13 /home/ins7/develop/resume/framework/web/CWebApplication.php(141): CWebApplication->runController('')
#14 /home/ins7/develop/resume/framework/base/CApplication.php(180): CWebApplication->processRequest()
#15 /home/ins7/develop/resume/index.php(12): CApplication->run()
#16 {main}
REQUEST_URI=/
---
2015/11/12 15:39:49 [trace] [system.CModule] Loading "errorHandler" application component
2015/11/12 15:40:10 [trace] [system.CModule] Loading "log" application component
in /home/ins7/develop/resume/index.php (12)
2015/11/12 15:40:10 [trace] [system.CModule] Loading "bootstrap" application component
in /home/ins7/develop/resume/index.php (12)
2015/11/12 15:40:10 [trace] [system.CModule] Loading "clientScript" application component
in /home/ins7/develop/resume/protected/extensions/bootstrap/components/Bootstrap.php (103)
in /home/ins7/develop/resume/protected/extensions/bootstrap/components/Bootstrap.php (84)
in /home/ins7/develop/resume/index.php (12)
2015/11/12 15:40:10 [trace] [system.CModule] Loading "assetManager" application component
in /home/ins7/develop/resume/protected/extensions/bootstrap/components/Bootstrap.php (328)
in /home/ins7/develop/resume/protected/extensions/bootstrap/components/Bootstrap.php (103)
in /home/ins7/develop/resume/protected/extensions/bootstrap/components/Bootstrap.php (84)
2015/11/12 15:40:10 [trace] [system.CModule] Loading "request" application component
in /home/ins7/develop/resume/protected/extensions/bootstrap/components/Bootstrap.php (328)
in /home/ins7/develop/resume/protected/extensions/bootstrap/components/Bootstrap.php (103)
in /home/ins7/develop/resume/protected/extensions/bootstrap/components/Bootstrap.php (84)
2015/11/12 15:40:10 [trace] [system.CModule] Loading "urlManager" application component
in /home/ins7/develop/resume/index.php (12)
2015/11/12 15:40:10 [trace] [system.CModule] Loading "user" application component
in /home/ins7/develop/resume/protected/components/Controller.php (42)
in /home/ins7/develop/resume/index.php (12)
2015/11/12 15:40:10 [trace] [system.CModule] Loading "session" application component
in /home/ins7/develop/resume/protected/components/Controller.php (42)
in /home/ins7/develop/resume/index.php (12)
2015/11/12 15:40:10 [trace] [system.CModule] Loading "securityManager" application component
in /home/ins7/develop/resume/protected/components/Controller.php (42)
in /home/ins7/develop/resume/index.php (12)
2015/11/12 15:40:10 [trace] [system.CModule] Loading "statePersister" application component
in /home/ins7/develop/resume/protected/components/Controller.php (42)
in /home/ins7/develop/resume/index.php (12)
2015/11/12 15:40:10 [trace] [system.db.ar.CActiveRecord] User.findByPk()
in /home/ins7/develop/resume/protected/controllers/ResumeController.php (20)
in /home/ins7/develop/resume/index.php (12)
2015/11/12 15:40:10 [trace] [system.CModule] Loading "db" application component
in /home/ins7/develop/resume/protected/controllers/ResumeController.php (20)
in /home/ins7/develop/resume/index.php (12)
2015/11/12 15:40:10 [trace] [system.db.CDbConnection] Opening DB connection
in /home/ins7/develop/resume/protected/controllers/ResumeController.php (20)
in /home/ins7/develop/resume/index.php (12)
2015/11/12 15:40:10 [error] [exception.CDbException] exception 'CDbException' with message 'CDbConnection failed to open the DB connection: could not find driver' in /home/ins7/develop/resume/framework/db/CDbConnection.php:382
Stack trace:
#0 /home/ins7/develop/resume/framework/db/CDbConnection.php(330): CDbConnection->open()
#1 /home/ins7/develop/resume/framework/db/CDbConnection.php(308): CDbConnection->setActive(true)
#2 /home/ins7/develop/resume/framework/base/CModule.php(387): CDbConnection->init()
#3 /home/ins7/develop/resume/framework/base/CApplication.php(450): CModule->getComponent('db')
#4 /home/ins7/develop/resume/framework/db/ar/CActiveRecord.php(634): CApplication->getDb()
#5 /home/ins7/develop/resume/framework/db/ar/CActiveRecord.php(1428): CActiveRecord->getDbConnection()
#6 /home/ins7/develop/resume/framework/db/ar/CActiveRecord.php(1484): CActiveRecord->getTableAlias(true)
#7 /home/ins7/develop/resume/protected/controllers/ResumeController.php(20): CActiveRecord->findByPk(1)
#8 /home/ins7/develop/resume/framework/web/actions/CInlineAction.php(49): ResumeController->actionIndex()
#9 /home/ins7/develop/resume/framework/web/CController.php(308): CInlineAction->runWithParams(Array)
#10 /home/ins7/develop/resume/framework/web/CController.php(286): CController->runAction(Object(CInlineAction))
#11 /home/ins7/develop/resume/framework/web/CController.php(265): CController->runActionWithFilters(Object(CInlineAction), Array)
#12 /home/ins7/develop/resume/framework/web/CWebApplication.php(282): CController->run('')
#13 /home/ins7/develop/resume/framework/web/CWebApplication.php(141): CWebApplication->runController('')
#14 /home/ins7/develop/resume/framework/base/CApplication.php(180): CWebApplication->processRequest()
#15 /home/ins7/develop/resume/index.php(12): CApplication->run()
#16 {main}
REQUEST_URI=/
---
2015/11/12 15:40:10 [trace] [system.CModule] Loading "errorHandler" application component
2015/11/12 15:47:31 [trace] [system.CModule] Loading "log" application component
in /home/ins7/develop/resume/index.php (12)
2015/11/12 15:47:31 [trace] [system.CModule] Loading "bootstrap" application component
in /home/ins7/develop/resume/index.php (12)
2015/11/12 15:47:31 [trace] [system.CModule] Loading "clientScript" application component
in /home/ins7/develop/resume/protected/extensions/bootstrap/components/Bootstrap.php (103)
in /home/ins7/develop/resume/protected/extensions/bootstrap/components/Bootstrap.php (84)
in /home/ins7/develop/resume/index.php (12)
2015/11/12 15:47:31 [trace] [system.CModule] Loading "assetManager" application component
in /home/ins7/develop/resume/protected/extensions/bootstrap/components/Bootstrap.php (328)
in /home/ins7/develop/resume/protected/extensions/bootstrap/components/Bootstrap.php (103)
in /home/ins7/develop/resume/protected/extensions/bootstrap/components/Bootstrap.php (84)
2015/11/12 15:47:31 [trace] [system.CModule] Loading "request" application component
in /home/ins7/develop/resume/protected/extensions/bootstrap/components/Bootstrap.php (328)
in /home/ins7/develop/resume/protected/extensions/bootstrap/components/Bootstrap.php (103)
in /home/ins7/develop/resume/protected/extensions/bootstrap/components/Bootstrap.php (84)
2015/11/12 15:47:31 [trace] [system.CModule] Loading "urlManager" application component
in /home/ins7/develop/resume/index.php (12)
2015/11/12 15:47:31 [trace] [system.CModule] Loading "user" application component
in /home/ins7/develop/resume/protected/components/Controller.php (42)
in /home/ins7/develop/resume/index.php (12)
2015/11/12 15:47:31 [trace] [system.CModule] Loading "session" application component
in /home/ins7/develop/resume/protected/components/Controller.php (42)
in /home/ins7/develop/resume/index.php (12)
2015/11/12 15:47:31 [trace] [system.CModule] Loading "securityManager" application component
in /home/ins7/develop/resume/protected/components/Controller.php (42)
in /home/ins7/develop/resume/index.php (12)
2015/11/12 15:47:31 [trace] [system.CModule] Loading "statePersister" application component
in /home/ins7/develop/resume/protected/components/Controller.php (42)
in /home/ins7/develop/resume/index.php (12)
2015/11/12 15:47:31 [trace] [system.db.ar.CActiveRecord] User.findByPk()
in /home/ins7/develop/resume/protected/controllers/ResumeController.php (20)
in /home/ins7/develop/resume/index.php (12)
2015/11/12 15:47:31 [trace] [system.CModule] Loading "db" application component
in /home/ins7/develop/resume/protected/controllers/ResumeController.php (20)
in /home/ins7/develop/resume/index.php (12)
2015/11/12 15:47:31 [trace] [system.db.CDbConnection] Opening DB connection
in /home/ins7/develop/resume/protected/controllers/ResumeController.php (20)
in /home/ins7/develop/resume/index.php (12)
2015/11/12 15:47:31 [error] [exception.CDbException] exception 'CDbException' with message 'CDbConnection failed to open the DB connection: could not find driver' in /home/ins7/develop/resume/framework/db/CDbConnection.php:382
Stack trace:
#0 /home/ins7/develop/resume/framework/db/CDbConnection.php(330): CDbConnection->open()
#1 /home/ins7/develop/resume/framework/db/CDbConnection.php(308): CDbConnection->setActive(true)
#2 /home/ins7/develop/resume/framework/base/CModule.php(387): CDbConnection->init()
#3 /home/ins7/develop/resume/framework/base/CApplication.php(450): CModule->getComponent('db')
#4 /home/ins7/develop/resume/framework/db/ar/CActiveRecord.php(634): CApplication->getDb()
#5 /home/ins7/develop/resume/framework/db/ar/CActiveRecord.php(1428): CActiveRecord->getDbConnection()
#6 /home/ins7/develop/resume/framework/db/ar/CActiveRecord.php(1484): CActiveRecord->getTableAlias(true)
#7 /home/ins7/develop/resume/protected/controllers/ResumeController.php(20): CActiveRecord->findByPk(1)
#8 /home/ins7/develop/resume/framework/web/actions/CInlineAction.php(49): ResumeController->actionIndex()
#9 /home/ins7/develop/resume/framework/web/CController.php(308): CInlineAction->runWithParams(Array)
#10 /home/ins7/develop/resume/framework/web/CController.php(286): CController->runAction(Object(CInlineAction))
#11 /home/ins7/develop/resume/framework/web/CController.php(265): CController->runActionWithFilters(Object(CInlineAction), Array)
#12 /home/ins7/develop/resume/framework/web/CWebApplication.php(282): CController->run('')
#13 /home/ins7/develop/resume/framework/web/CWebApplication.php(141): CWebApplication->runController('')
#14 /home/ins7/develop/resume/framework/base/CApplication.php(180): CWebApplication->processRequest()
#15 /home/ins7/develop/resume/index.php(12): CApplication->run()
#16 {main}
REQUEST_URI=/
---
2015/11/12 15:47:31 [trace] [system.CModule] Loading "errorHandler" application component
2015/11/12 15:47:38 [trace] [system.CModule] Loading "log" application component
in /home/ins7/develop/resume/index.php (12)
2015/11/12 15:47:38 [trace] [system.CModule] Loading "bootstrap" application component
in /home/ins7/develop/resume/index.php (12)
2015/11/12 15:47:38 [trace] [system.CModule] Loading "clientScript" application component
in /home/ins7/develop/resume/protected/extensions/bootstrap/components/Bootstrap.php (103)
in /home/ins7/develop/resume/protected/extensions/bootstrap/components/Bootstrap.php (84)
in /home/ins7/develop/resume/index.php (12)
2015/11/12 15:47:38 [trace] [system.CModule] Loading "assetManager" application component
in /home/ins7/develop/resume/protected/extensions/bootstrap/components/Bootstrap.php (328)
in /home/ins7/develop/resume/protected/extensions/bootstrap/components/Bootstrap.php (103)
in /home/ins7/develop/resume/protected/extensions/bootstrap/components/Bootstrap.php (84)
2015/11/12 15:47:38 [trace] [system.CModule] Loading "request" application component
in /home/ins7/develop/resume/protected/extensions/bootstrap/components/Bootstrap.php (328)
in /home/ins7/develop/resume/protected/extensions/bootstrap/components/Bootstrap.php (103)
in /home/ins7/develop/resume/protected/extensions/bootstrap/components/Bootstrap.php (84)
2015/11/12 15:47:38 [trace] [system.CModule] Loading "urlManager" application component
in /home/ins7/develop/resume/index.php (12)
2015/11/12 15:47:38 [trace] [system.CModule] Loading "user" application component
in /home/ins7/develop/resume/protected/components/Controller.php (42)
in /home/ins7/develop/resume/index.php (12)
2015/11/12 15:47:38 [trace] [system.CModule] Loading "session" application component
in /home/ins7/develop/resume/protected/components/Controller.php (42)
in /home/ins7/develop/resume/index.php (12)
2015/11/12 15:47:38 [trace] [system.CModule] Loading "securityManager" application component
in /home/ins7/develop/resume/protected/components/Controller.php (42)
in /home/ins7/develop/resume/index.php (12)
2015/11/12 15:47:38 [trace] [system.CModule] Loading "statePersister" application component
in /home/ins7/develop/resume/protected/components/Controller.php (42)
in /home/ins7/develop/resume/index.php (12)
2015/11/12 15:47:38 [trace] [system.db.ar.CActiveRecord] User.findByPk()
in /home/ins7/develop/resume/protected/controllers/ResumeController.php (20)
in /home/ins7/develop/resume/index.php (12)
2015/11/12 15:47:38 [trace] [system.CModule] Loading "db" application component
in /home/ins7/develop/resume/protected/controllers/ResumeController.php (20)
in /home/ins7/develop/resume/index.php (12)
2015/11/12 15:47:38 [trace] [system.db.CDbConnection] Opening DB connection
in /home/ins7/develop/resume/protected/controllers/ResumeController.php (20)
in /home/ins7/develop/resume/index.php (12)
2015/11/12 15:47:38 [trace] [system.db.CDbCommand] Querying SQL: PRAGMA table_info('tbl_user')
in /home/ins7/develop/resume/protected/controllers/ResumeController.php (20)
in /home/ins7/develop/resume/index.php (12)
2015/11/12 15:47:38 [trace] [system.db.CDbCommand] Querying SQL: PRAGMA foreign_key_list('tbl_user')
in /home/ins7/develop/resume/protected/controllers/ResumeController.php (20)
in /home/ins7/develop/resume/index.php (12)
2015/11/12 15:47:38 [trace] [system.db.CDbCommand] Querying SQL: PRAGMA table_info('tbl_info')
in /home/ins7/develop/resume/protected/controllers/ResumeController.php (20)
in /home/ins7/develop/resume/index.php (12)
2015/11/12 15:47:38 [trace] [system.db.CDbCommand] Querying SQL: PRAGMA foreign_key_list('tbl_info')
in /home/ins7/develop/resume/protected/controllers/ResumeController.php (20)
in /home/ins7/develop/resume/index.php (12)
2015/11/12 15:47:38 [trace] [system.db.CDbCommand] Querying SQL: SELECT 't'."id" AS "t0_c0", 't'."username" AS "t0_c1", 't'."password" AS "t0_c2", 't'."salt" AS "t0_c3", 't'."email" AS "t0_c4", 't'."profile" AS "t0_c5", 'info'."id" AS "t1_c0", 'info'."lang" AS "t1_c1", 'info'."fio" AS "t1_c2", 'info'."telephone" AS "t1_c3", 'info'."jabber" AS "t1_c4", 'info'."email" AS "t1_c5", 'info'."skype" AS "t1_c6", 'info'."icq" AS "t1_c7", 'info'."university" AS "t1_c8", 'info'."study_per" AS "t1_c9", 'info'."diploma" AS "t1_c10", 'info'."urluni" AS "t1_c11", 'info'."unicountry" AS "t1_c12", 'info'."maintitle" AS "t1_c13", 'info'."namepage" AS "t1_c14", 'info'."profession" AS "t1_c15", 'info'."quality" AS "t1_c16", 'info'."exp" AS "t1_c17", 'info'."owner_id" AS "t1_c18" FROM 'tbl_user' 't'  LEFT OUTER JOIN 'tbl_info' 'info' ON ('info'."owner_id"='t'."id") AND (lang='ru')  WHERE ('t'."id"=1)
in /home/ins7/develop/resume/protected/controllers/ResumeController.php (20)
in /home/ins7/develop/resume/index.php (12)
2015/11/12 15:47:38 [trace] [system.CModule] Loading "widgetFactory" application component
in /home/ins7/develop/resume/protected/views/resume/index_ru.php (4)
in /home/ins7/develop/resume/protected/controllers/ResumeController.php (31)
in /home/ins7/develop/resume/index.php (12)
2015/11/12 15:47:38 [trace] [system.db.ar.CActiveRecord] lazy loading User.work
in /home/ins7/develop/resume/protected/views/resume/index_ru.php (48)
in /home/ins7/develop/resume/protected/controllers/ResumeController.php (31)
in /home/ins7/develop/resume/index.php (12)
2015/11/12 15:47:38 [trace] [system.db.CDbCommand] Querying SQL: PRAGMA table_info('tbl_work')
in /home/ins7/develop/resume/protected/views/resume/index_ru.php (48)
in /home/ins7/develop/resume/protected/controllers/ResumeController.php (31)
in /home/ins7/develop/resume/index.php (12)
2015/11/12 15:47:38 [trace] [system.db.CDbCommand] Querying SQL: PRAGMA foreign_key_list('tbl_work')
in /home/ins7/develop/resume/protected/views/resume/index_ru.php (48)
in /home/ins7/develop/resume/protected/controllers/ResumeController.php (31)
in /home/ins7/develop/resume/index.php (12)
2015/11/12 15:47:38 [trace] [system.db.CDbCommand] Querying SQL: SELECT 'work'."id" AS "t1_c0", 'work'."namecompany" AS "t1_c1", 'work'."lang" AS "t1_c2", 'work'."urlcompany" AS "t1_c3", 'work'."countrycompany" AS "t1_c4", 'work'."position" AS "t1_c5", 'work'."respon" AS "t1_c6", 'work'."period" AS "t1_c7", 'work'."pub_date" AS "t1_c8", 'work'."user_id" AS "t1_c9" FROM 'tbl_work' 'work'  WHERE (lang='ru') AND ('work'."user_id"=:ypl0) ORDER BY work.pub_date DESC
in /home/ins7/develop/resume/protected/views/resume/index_ru.php (48)
in /home/ins7/develop/resume/protected/controllers/ResumeController.php (31)
in /home/ins7/develop/resume/index.php (12)
2015/11/12 15:49:37 [trace] [system.CModule] Loading "log" application component
in /home/ins7/develop/resume/index.php (12)
2015/11/12 15:49:37 [trace] [system.CModule] Loading "bootstrap" application component
in /home/ins7/develop/resume/index.php (12)
2015/11/12 15:49:37 [trace] [system.CModule] Loading "clientScript" application component
in /home/ins7/develop/resume/protected/extensions/bootstrap/components/Bootstrap.php (103)
in /home/ins7/develop/resume/protected/extensions/bootstrap/components/Bootstrap.php (84)
in /home/ins7/develop/resume/index.php (12)
2015/11/12 15:49:37 [trace] [system.CModule] Loading "assetManager" application component
in /home/ins7/develop/resume/protected/extensions/bootstrap/components/Bootstrap.php (328)
in /home/ins7/develop/resume/protected/extensions/bootstrap/components/Bootstrap.php (103)
in /home/ins7/develop/resume/protected/extensions/bootstrap/components/Bootstrap.php (84)
2015/11/12 15:49:37 [trace] [system.CModule] Loading "request" application component
in /home/ins7/develop/resume/protected/extensions/bootstrap/components/Bootstrap.php (328)
in /home/ins7/develop/resume/protected/extensions/bootstrap/components/Bootstrap.php (103)
in /home/ins7/develop/resume/protected/extensions/bootstrap/components/Bootstrap.php (84)
2015/11/12 15:49:37 [trace] [system.CModule] Loading "urlManager" application component
in /home/ins7/develop/resume/index.php (12)
2015/11/12 15:49:37 [trace] [system.CModule] Loading "user" application component
in /home/ins7/develop/resume/protected/components/Controller.php (42)
in /home/ins7/develop/resume/index.php (12)
2015/11/12 15:49:37 [trace] [system.CModule] Loading "session" application component
in /home/ins7/develop/resume/protected/components/Controller.php (42)
in /home/ins7/develop/resume/index.php (12)
2015/11/12 15:49:37 [trace] [system.CModule] Loading "securityManager" application component
in /home/ins7/develop/resume/protected/components/Controller.php (42)
in /home/ins7/develop/resume/index.php (12)
2015/11/12 15:49:37 [trace] [system.CModule] Loading "statePersister" application component
in /home/ins7/develop/resume/protected/components/Controller.php (42)
in /home/ins7/develop/resume/index.php (12)
2015/11/12 15:49:37 [trace] [system.db.ar.CActiveRecord] User.findByPk()
in /home/ins7/develop/resume/protected/controllers/ResumeController.php (20)
in /home/ins7/develop/resume/index.php (12)
2015/11/12 15:49:37 [trace] [system.CModule] Loading "db" application component
in /home/ins7/develop/resume/protected/controllers/ResumeController.php (20)
in /home/ins7/develop/resume/index.php (12)
2015/11/12 15:49:37 [trace] [system.db.CDbConnection] Opening DB connection
in /home/ins7/develop/resume/protected/controllers/ResumeController.php (20)
in /home/ins7/develop/resume/index.php (12)
2015/11/12 15:49:37 [trace] [system.db.CDbCommand] Querying SQL: PRAGMA table_info('tbl_user')
in /home/ins7/develop/resume/protected/controllers/ResumeController.php (20)
in /home/ins7/develop/resume/index.php (12)
2015/11/12 15:49:37 [trace] [system.db.CDbCommand] Querying SQL: PRAGMA foreign_key_list('tbl_user')
in /home/ins7/develop/resume/protected/controllers/ResumeController.php (20)
in /home/ins7/develop/resume/index.php (12)
2015/11/12 15:49:37 [trace] [system.db.CDbCommand] Querying SQL: PRAGMA table_info('tbl_info')
in /home/ins7/develop/resume/protected/controllers/ResumeController.php (20)
in /home/ins7/develop/resume/index.php (12)
2015/11/12 15:49:37 [trace] [system.db.CDbCommand] Querying SQL: PRAGMA foreign_key_list('tbl_info')
in /home/ins7/develop/resume/protected/controllers/ResumeController.php (20)
in /home/ins7/develop/resume/index.php (12)
2015/11/12 15:49:37 [trace] [system.db.CDbCommand] Querying SQL: SELECT 't'."id" AS "t0_c0", 't'."username" AS "t0_c1", 't'."password" AS "t0_c2", 't'."salt" AS "t0_c3", 't'."email" AS "t0_c4", 't'."profile" AS "t0_c5", 'info'."id" AS "t1_c0", 'info'."lang" AS "t1_c1", 'info'."fio" AS "t1_c2", 'info'."telephone" AS "t1_c3", 'info'."jabber" AS "t1_c4", 'info'."email" AS "t1_c5", 'info'."skype" AS "t1_c6", 'info'."icq" AS "t1_c7", 'info'."university" AS "t1_c8", 'info'."study_per" AS "t1_c9", 'info'."diploma" AS "t1_c10", 'info'."urluni" AS "t1_c11", 'info'."unicountry" AS "t1_c12", 'info'."maintitle" AS "t1_c13", 'info'."namepage" AS "t1_c14", 'info'."profession" AS "t1_c15", 'info'."quality" AS "t1_c16", 'info'."exp" AS "t1_c17", 'info'."owner_id" AS "t1_c18" FROM 'tbl_user' 't'  LEFT OUTER JOIN 'tbl_info' 'info' ON ('info'."owner_id"='t'."id") AND (lang='ru')  WHERE ('t'."id"=1)
in /home/ins7/develop/resume/protected/controllers/ResumeController.php (20)
in /home/ins7/develop/resume/index.php (12)
2015/11/12 15:49:37 [trace] [system.CModule] Loading "widgetFactory" application component
in /home/ins7/develop/resume/protected/views/resume/index_ru.php (4)
in /home/ins7/develop/resume/protected/controllers/ResumeController.php (31)
in /home/ins7/develop/resume/index.php (12)
2015/11/12 15:49:37 [trace] [system.db.ar.CActiveRecord] lazy loading User.work
in /home/ins7/develop/resume/protected/views/resume/index_ru.php (48)
in /home/ins7/develop/resume/protected/controllers/ResumeController.php (31)
in /home/ins7/develop/resume/index.php (12)
2015/11/12 15:49:37 [trace] [system.db.CDbCommand] Querying SQL: PRAGMA table_info('tbl_work')
in /home/ins7/develop/resume/protected/views/resume/index_ru.php (48)
in /home/ins7/develop/resume/protected/controllers/ResumeController.php (31)
in /home/ins7/develop/resume/index.php (12)
2015/11/12 15:49:37 [trace] [system.db.CDbCommand] Querying SQL: PRAGMA foreign_key_list('tbl_work')
in /home/ins7/develop/resume/protected/views/resume/index_ru.php (48)
in /home/ins7/develop/resume/protected/controllers/ResumeController.php (31)
in /home/ins7/develop/resume/index.php (12)
2015/11/12 15:49:37 [trace] [system.db.CDbCommand] Querying SQL: SELECT 'work'."id" AS "t1_c0", 'work'."namecompany" AS "t1_c1", 'work'."lang" AS "t1_c2", 'work'."urlcompany" AS "t1_c3", 'work'."countrycompany" AS "t1_c4", 'work'."position" AS "t1_c5", 'work'."respon" AS "t1_c6", 'work'."period" AS "t1_c7", 'work'."pub_date" AS "t1_c8", 'work'."user_id" AS "t1_c9" FROM 'tbl_work' 'work'  WHERE (lang='ru') AND ('work'."user_id"=:ypl0) ORDER BY work.pub_date DESC
in /home/ins7/develop/resume/protected/views/resume/index_ru.php (48)
in /home/ins7/develop/resume/protected/controllers/ResumeController.php (31)
in /home/ins7/develop/resume/index.php (12)
2015/11/12 15:49:46 [trace] [system.CModule] Loading "log" application component
in /home/ins7/develop/resume/index.php (12)
2015/11/12 15:49:46 [trace] [system.CModule] Loading "bootstrap" application component
in /home/ins7/develop/resume/index.php (12)
2015/11/12 15:49:46 [trace] [system.CModule] Loading "clientScript" application component
in /home/ins7/develop/resume/protected/extensions/bootstrap/components/Bootstrap.php (103)
in /home/ins7/develop/resume/protected/extensions/bootstrap/components/Bootstrap.php (84)
in /home/ins7/develop/resume/index.php (12)
2015/11/12 15:49:46 [trace] [system.CModule] Loading "assetManager" application component
in /home/ins7/develop/resume/protected/extensions/bootstrap/components/Bootstrap.php (328)
in /home/ins7/develop/resume/protected/extensions/bootstrap/components/Bootstrap.php (103)
in /home/ins7/develop/resume/protected/extensions/bootstrap/components/Bootstrap.php (84)
2015/11/12 15:49:46 [trace] [system.CModule] Loading "request" application component
in /home/ins7/develop/resume/protected/extensions/bootstrap/components/Bootstrap.php (328)
in /home/ins7/develop/resume/protected/extensions/bootstrap/components/Bootstrap.php (103)
in /home/ins7/develop/resume/protected/extensions/bootstrap/components/Bootstrap.php (84)
2015/11/12 15:49:46 [trace] [system.CModule] Loading "urlManager" application component
in /home/ins7/develop/resume/index.php (12)
2015/11/12 15:49:46 [trace] [system.CModule] Loading "user" application component
in /home/ins7/develop/resume/protected/components/Controller.php (42)
in /home/ins7/develop/resume/index.php (12)
2015/11/12 15:49:46 [trace] [system.CModule] Loading "session" application component
in /home/ins7/develop/resume/protected/components/Controller.php (42)
in /home/ins7/develop/resume/index.php (12)
2015/11/12 15:49:46 [trace] [system.CModule] Loading "securityManager" application component
in /home/ins7/develop/resume/protected/components/Controller.php (42)
in /home/ins7/develop/resume/index.php (12)
2015/11/12 15:49:46 [trace] [system.CModule] Loading "statePersister" application component
in /home/ins7/develop/resume/protected/components/Controller.php (42)
in /home/ins7/develop/resume/index.php (12)
2015/11/12 15:49:46 [trace] [system.db.ar.CActiveRecord] User.findByPk()
in /home/ins7/develop/resume/protected/controllers/ResumeController.php (20)
in /home/ins7/develop/resume/index.php (12)
2015/11/12 15:49:46 [trace] [system.CModule] Loading "db" application component
in /home/ins7/develop/resume/protected/controllers/ResumeController.php (20)
in /home/ins7/develop/resume/index.php (12)
2015/11/12 15:49:46 [trace] [system.db.CDbConnection] Opening DB connection
in /home/ins7/develop/resume/protected/controllers/ResumeController.php (20)
in /home/ins7/develop/resume/index.php (12)
2015/11/12 15:49:46 [trace] [system.db.CDbCommand] Querying SQL: PRAGMA table_info('tbl_user')
in /home/ins7/develop/resume/protected/controllers/ResumeController.php (20)
in /home/ins7/develop/resume/index.php (12)
2015/11/12 15:49:46 [trace] [system.db.CDbCommand] Querying SQL: PRAGMA foreign_key_list('tbl_user')
in /home/ins7/develop/resume/protected/controllers/ResumeController.php (20)
in /home/ins7/develop/resume/index.php (12)
2015/11/12 15:49:46 [trace] [system.db.CDbCommand] Querying SQL: PRAGMA table_info('tbl_info')
in /home/ins7/develop/resume/protected/controllers/ResumeController.php (20)
in /home/ins7/develop/resume/index.php (12)
2015/11/12 15:49:46 [trace] [system.db.CDbCommand] Querying SQL: PRAGMA foreign_key_list('tbl_info')
in /home/ins7/develop/resume/protected/controllers/ResumeController.php (20)
in /home/ins7/develop/resume/index.php (12)
2015/11/12 15:49:46 [trace] [system.db.CDbCommand] Querying SQL: SELECT 't'."id" AS "t0_c0", 't'."username" AS "t0_c1", 't'."password" AS "t0_c2", 't'."salt" AS "t0_c3", 't'."email" AS "t0_c4", 't'."profile" AS "t0_c5", 'info'."id" AS "t1_c0", 'info'."lang" AS "t1_c1", 'info'."fio" AS "t1_c2", 'info'."telephone" AS "t1_c3", 'info'."jabber" AS "t1_c4", 'info'."email" AS "t1_c5", 'info'."skype" AS "t1_c6", 'info'."icq" AS "t1_c7", 'info'."university" AS "t1_c8", 'info'."study_per" AS "t1_c9", 'info'."diploma" AS "t1_c10", 'info'."urluni" AS "t1_c11", 'info'."unicountry" AS "t1_c12", 'info'."maintitle" AS "t1_c13", 'info'."namepage" AS "t1_c14", 'info'."profession" AS "t1_c15", 'info'."quality" AS "t1_c16", 'info'."exp" AS "t1_c17", 'info'."owner_id" AS "t1_c18" FROM 'tbl_user' 't'  LEFT OUTER JOIN 'tbl_info' 'info' ON ('info'."owner_id"='t'."id") AND (lang='ru')  WHERE ('t'."id"=1)
in /home/ins7/develop/resume/protected/controllers/ResumeController.php (20)
in /home/ins7/develop/resume/index.php (12)
2015/11/12 15:49:46 [trace] [system.CModule] Loading "widgetFactory" application component
in /home/ins7/develop/resume/protected/views/resume/index_ru.php (4)
in /home/ins7/develop/resume/protected/controllers/ResumeController.php (31)
in /home/ins7/develop/resume/index.php (12)
2015/11/12 15:49:46 [trace] [system.db.ar.CActiveRecord] lazy loading User.work
in /home/ins7/develop/resume/protected/views/resume/index_ru.php (48)
in /home/ins7/develop/resume/protected/controllers/ResumeController.php (31)
in /home/ins7/develop/resume/index.php (12)
2015/11/12 15:49:46 [trace] [system.db.CDbCommand] Querying SQL: PRAGMA table_info('tbl_work')
in /home/ins7/develop/resume/protected/views/resume/index_ru.php (48)
in /home/ins7/develop/resume/protected/controllers/ResumeController.php (31)
in /home/ins7/develop/resume/index.php (12)
2015/11/12 15:49:46 [trace] [system.db.CDbCommand] Querying SQL: PRAGMA foreign_key_list('tbl_work')
in /home/ins7/develop/resume/protected/views/resume/index_ru.php (48)
in /home/ins7/develop/resume/protected/controllers/ResumeController.php (31)
in /home/ins7/develop/resume/index.php (12)
2015/11/12 15:49:46 [trace] [system.db.CDbCommand] Querying SQL: SELECT 'work'."id" AS "t1_c0", 'work'."namecompany" AS "t1_c1", 'work'."lang" AS "t1_c2", 'work'."urlcompany" AS "t1_c3", 'work'."countrycompany" AS "t1_c4", 'work'."position" AS "t1_c5", 'work'."respon" AS "t1_c6", 'work'."period" AS "t1_c7", 'work'."pub_date" AS "t1_c8", 'work'."user_id" AS "t1_c9" FROM 'tbl_work' 'work'  WHERE (lang='ru') AND ('work'."user_id"=:ypl0) ORDER BY work.pub_date DESC
in /home/ins7/develop/resume/protected/views/resume/index_ru.php (48)
in /home/ins7/develop/resume/protected/controllers/ResumeController.php (31)
in /home/ins7/develop/resume/index.php (12)
2015/11/12 15:51:15 [trace] [system.CModule] Loading "log" application component
in /home/ins7/develop/resume/index.php (12)
2015/11/12 15:51:15 [trace] [system.CModule] Loading "bootstrap" application component
in /home/ins7/develop/resume/index.php (12)
2015/11/12 15:51:15 [trace] [system.CModule] Loading "clientScript" application component
in /home/ins7/develop/resume/protected/extensions/bootstrap/components/Bootstrap.php (103)
in /home/ins7/develop/resume/protected/extensions/bootstrap/components/Bootstrap.php (84)
in /home/ins7/develop/resume/index.php (12)
2015/11/12 15:51:15 [trace] [system.CModule] Loading "assetManager" application component
in /home/ins7/develop/resume/protected/extensions/bootstrap/components/Bootstrap.php (328)
in /home/ins7/develop/resume/protected/extensions/bootstrap/components/Bootstrap.php (103)
in /home/ins7/develop/resume/protected/extensions/bootstrap/components/Bootstrap.php (84)
2015/11/12 15:51:15 [trace] [system.CModule] Loading "request" application component
in /home/ins7/develop/resume/protected/extensions/bootstrap/components/Bootstrap.php (328)
in /home/ins7/develop/resume/protected/extensions/bootstrap/components/Bootstrap.php (103)
in /home/ins7/develop/resume/protected/extensions/bootstrap/components/Bootstrap.php (84)
2015/11/12 15:51:15 [trace] [system.CModule] Loading "urlManager" application component
in /home/ins7/develop/resume/index.php (12)
2015/11/12 15:51:15 [trace] [system.CModule] Loading "user" application component
in /home/ins7/develop/resume/protected/components/Controller.php (42)
in /home/ins7/develop/resume/index.php (12)
2015/11/12 15:51:15 [trace] [system.CModule] Loading "session" application component
in /home/ins7/develop/resume/protected/components/Controller.php (42)
in /home/ins7/develop/resume/index.php (12)
2015/11/12 15:51:15 [trace] [system.CModule] Loading "securityManager" application component
in /home/ins7/develop/resume/protected/components/Controller.php (42)
in /home/ins7/develop/resume/index.php (12)
2015/11/12 15:51:15 [trace] [system.CModule] Loading "statePersister" application component
in /home/ins7/develop/resume/protected/components/Controller.php (42)
in /home/ins7/develop/resume/index.php (12)
2015/11/12 15:51:15 [trace] [system.db.ar.CActiveRecord] User.findByPk()
in /home/ins7/develop/resume/protected/controllers/ResumeController.php (20)
in /home/ins7/develop/resume/index.php (12)
2015/11/12 15:51:15 [trace] [system.CModule] Loading "db" application component
in /home/ins7/develop/resume/protected/controllers/ResumeController.php (20)
in /home/ins7/develop/resume/index.php (12)
2015/11/12 15:51:15 [trace] [system.db.CDbConnection] Opening DB connection
in /home/ins7/develop/resume/protected/controllers/ResumeController.php (20)
in /home/ins7/develop/resume/index.php (12)
2015/11/12 15:51:15 [trace] [system.db.CDbCommand] Querying SQL: PRAGMA table_info('tbl_user')
in /home/ins7/develop/resume/protected/controllers/ResumeController.php (20)
in /home/ins7/develop/resume/index.php (12)
2015/11/12 15:51:15 [trace] [system.db.CDbCommand] Querying SQL: PRAGMA foreign_key_list('tbl_user')
in /home/ins7/develop/resume/protected/controllers/ResumeController.php (20)
in /home/ins7/develop/resume/index.php (12)
2015/11/12 15:51:15 [trace] [system.db.CDbCommand] Querying SQL: PRAGMA table_info('tbl_info')
in /home/ins7/develop/resume/protected/controllers/ResumeController.php (20)
in /home/ins7/develop/resume/index.php (12)
2015/11/12 15:51:15 [trace] [system.db.CDbCommand] Querying SQL: PRAGMA foreign_key_list('tbl_info')
in /home/ins7/develop/resume/protected/controllers/ResumeController.php (20)
in /home/ins7/develop/resume/index.php (12)
2015/11/12 15:51:15 [trace] [system.db.CDbCommand] Querying SQL: SELECT 't'."id" AS "t0_c0", 't'."username" AS "t0_c1", 't'."password" AS "t0_c2", 't'."salt" AS "t0_c3", 't'."email" AS "t0_c4", 't'."profile" AS "t0_c5", 'info'."id" AS "t1_c0", 'info'."lang" AS "t1_c1", 'info'."fio" AS "t1_c2", 'info'."telephone" AS "t1_c3", 'info'."jabber" AS "t1_c4", 'info'."email" AS "t1_c5", 'info'."skype" AS "t1_c6", 'info'."icq" AS "t1_c7", 'info'."university" AS "t1_c8", 'info'."study_per" AS "t1_c9", 'info'."diploma" AS "t1_c10", 'info'."urluni" AS "t1_c11", 'info'."unicountry" AS "t1_c12", 'info'."maintitle" AS "t1_c13", 'info'."namepage" AS "t1_c14", 'info'."profession" AS "t1_c15", 'info'."quality" AS "t1_c16", 'info'."exp" AS "t1_c17", 'info'."owner_id" AS "t1_c18" FROM 'tbl_user' 't'  LEFT OUTER JOIN 'tbl_info' 'info' ON ('info'."owner_id"='t'."id") AND (lang='ru')  WHERE ('t'."id"=1)
in /home/ins7/develop/resume/protected/controllers/ResumeController.php (20)
in /home/ins7/develop/resume/index.php (12)
2015/11/12 15:51:15 [trace] [system.CModule] Loading "widgetFactory" application component
in /home/ins7/develop/resume/protected/views/resume/index_ru.php (4)
in /home/ins7/develop/resume/protected/controllers/ResumeController.php (31)
in /home/ins7/develop/resume/index.php (12)
2015/11/12 15:51:15 [trace] [system.db.ar.CActiveRecord] lazy loading User.work
in /home/ins7/develop/resume/protected/views/resume/index_ru.php (48)
in /home/ins7/develop/resume/protected/controllers/ResumeController.php (31)
in /home/ins7/develop/resume/index.php (12)
2015/11/12 15:51:15 [trace] [system.db.CDbCommand] Querying SQL: PRAGMA table_info('tbl_work')
in /home/ins7/develop/resume/protected/views/resume/index_ru.php (48)
in /home/ins7/develop/resume/protected/controllers/ResumeController.php (31)
in /home/ins7/develop/resume/index.php (12)
2015/11/12 15:51:15 [trace] [system.db.CDbCommand] Querying SQL: PRAGMA foreign_key_list('tbl_work')
in /home/ins7/develop/resume/protected/views/resume/index_ru.php (48)
in /home/ins7/develop/resume/protected/controllers/ResumeController.php (31)
in /home/ins7/develop/resume/index.php (12)
2015/11/12 15:51:15 [trace] [system.db.CDbCommand] Querying SQL: SELECT 'work'."id" AS "t1_c0", 'work'."namecompany" AS "t1_c1", 'work'."lang" AS "t1_c2", 'work'."urlcompany" AS "t1_c3", 'work'."countrycompany" AS "t1_c4", 'work'."position" AS "t1_c5", 'work'."respon" AS "t1_c6", 'work'."period" AS "t1_c7", 'work'."pub_date" AS "t1_c8", 'work'."user_id" AS "t1_c9" FROM 'tbl_work' 'work'  WHERE (lang='ru') AND ('work'."user_id"=:ypl0) ORDER BY work.pub_date DESC
in /home/ins7/develop/resume/protected/views/resume/index_ru.php (48)
in /home/ins7/develop/resume/protected/controllers/ResumeController.php (31)
in /home/ins7/develop/resume/index.php (12)
2015/11/12 15:53:30 [trace] [system.CModule] Loading "log" application component
in /home/ins7/develop/resume/index.php (12)
2015/11/12 15:53:30 [trace] [system.CModule] Loading "bootstrap" application component
in /home/ins7/develop/resume/index.php (12)
2015/11/12 15:53:30 [trace] [system.CModule] Loading "clientScript" application component
in /home/ins7/develop/resume/protected/extensions/bootstrap/components/Bootstrap.php (103)
in /home/ins7/develop/resume/protected/extensions/bootstrap/components/Bootstrap.php (84)
in /home/ins7/develop/resume/index.php (12)
2015/11/12 15:53:30 [trace] [system.CModule] Loading "assetManager" application component
in /home/ins7/develop/resume/protected/extensions/bootstrap/components/Bootstrap.php (328)
in /home/ins7/develop/resume/protected/extensions/bootstrap/components/Bootstrap.php (103)
in /home/ins7/develop/resume/protected/extensions/bootstrap/components/Bootstrap.php (84)
2015/11/12 15:53:30 [trace] [system.CModule] Loading "request" application component
in /home/ins7/develop/resume/protected/extensions/bootstrap/components/Bootstrap.php (328)
in /home/ins7/develop/resume/protected/extensions/bootstrap/components/Bootstrap.php (103)
in /home/ins7/develop/resume/protected/extensions/bootstrap/components/Bootstrap.php (84)
2015/11/12 15:53:30 [trace] [system.CModule] Loading "urlManager" application component
in /home/ins7/develop/resume/index.php (12)
2015/11/12 15:53:30 [trace] [system.CModule] Loading "user" application component
in /home/ins7/develop/resume/protected/components/Controller.php (42)
in /home/ins7/develop/resume/index.php (12)
2015/11/12 15:53:30 [trace] [system.CModule] Loading "session" application component
in /home/ins7/develop/resume/protected/components/Controller.php (42)
in /home/ins7/develop/resume/index.php (12)
2015/11/12 15:53:30 [trace] [system.CModule] Loading "securityManager" application component
in /home/ins7/develop/resume/protected/components/Controller.php (42)
in /home/ins7/develop/resume/index.php (12)
2015/11/12 15:53:30 [trace] [system.CModule] Loading "statePersister" application component
in /home/ins7/develop/resume/protected/components/Controller.php (42)
in /home/ins7/develop/resume/index.php (12)
2015/11/12 15:53:30 [trace] [system.db.ar.CActiveRecord] User.findByPk()
in /home/ins7/develop/resume/protected/controllers/ResumeController.php (20)
in /home/ins7/develop/resume/index.php (12)
2015/11/12 15:53:30 [trace] [system.CModule] Loading "db" application component
in /home/ins7/develop/resume/protected/controllers/ResumeController.php (20)
in /home/ins7/develop/resume/index.php (12)
2015/11/12 15:53:30 [trace] [system.db.CDbConnection] Opening DB connection
in /home/ins7/develop/resume/protected/controllers/ResumeController.php (20)
in /home/ins7/develop/resume/index.php (12)
2015/11/12 15:53:30 [trace] [system.db.CDbCommand] Querying SQL: PRAGMA table_info('tbl_user')
in /home/ins7/develop/resume/protected/controllers/ResumeController.php (20)
in /home/ins7/develop/resume/index.php (12)
2015/11/12 15:53:30 [trace] [system.db.CDbCommand] Querying SQL: PRAGMA foreign_key_list('tbl_user')
in /home/ins7/develop/resume/protected/controllers/ResumeController.php (20)
in /home/ins7/develop/resume/index.php (12)
2015/11/12 15:53:30 [trace] [system.db.CDbCommand] Querying SQL: PRAGMA table_info('tbl_info')
in /home/ins7/develop/resume/protected/controllers/ResumeController.php (20)
in /home/ins7/develop/resume/index.php (12)
2015/11/12 15:53:30 [trace] [system.db.CDbCommand] Querying SQL: PRAGMA foreign_key_list('tbl_info')
in /home/ins7/develop/resume/protected/controllers/ResumeController.php (20)
in /home/ins7/develop/resume/index.php (12)
2015/11/12 15:53:30 [trace] [system.db.CDbCommand] Querying SQL: SELECT 't'."id" AS "t0_c0", 't'."username" AS "t0_c1", 't'."password" AS "t0_c2", 't'."salt" AS "t0_c3", 't'."email" AS "t0_c4", 't'."profile" AS "t0_c5", 'info'."id" AS "t1_c0", 'info'."lang" AS "t1_c1", 'info'."fio" AS "t1_c2", 'info'."telephone" AS "t1_c3", 'info'."jabber" AS "t1_c4", 'info'."email" AS "t1_c5", 'info'."skype" AS "t1_c6", 'info'."icq" AS "t1_c7", 'info'."university" AS "t1_c8", 'info'."study_per" AS "t1_c9", 'info'."diploma" AS "t1_c10", 'info'."urluni" AS "t1_c11", 'info'."unicountry" AS "t1_c12", 'info'."maintitle" AS "t1_c13", 'info'."namepage" AS "t1_c14", 'info'."profession" AS "t1_c15", 'info'."quality" AS "t1_c16", 'info'."exp" AS "t1_c17", 'info'."owner_id" AS "t1_c18" FROM 'tbl_user' 't'  LEFT OUTER JOIN 'tbl_info' 'info' ON ('info'."owner_id"='t'."id") AND (lang='ru')  WHERE ('t'."id"=1)
in /home/ins7/develop/resume/protected/controllers/ResumeController.php (20)
in /home/ins7/develop/resume/index.php (12)
2015/11/12 15:53:30 [trace] [system.CModule] Loading "widgetFactory" application component
in /home/ins7/develop/resume/protected/views/resume/index_ru.php (4)
in /home/ins7/develop/resume/protected/controllers/ResumeController.php (31)
in /home/ins7/develop/resume/index.php (12)
2015/11/12 15:53:30 [trace] [system.db.ar.CActiveRecord] lazy loading User.work
in /home/ins7/develop/resume/protected/views/resume/index_ru.php (48)
in /home/ins7/develop/resume/protected/controllers/ResumeController.php (31)
in /home/ins7/develop/resume/index.php (12)
2015/11/12 15:53:30 [trace] [system.db.CDbCommand] Querying SQL: PRAGMA table_info('tbl_work')
in /home/ins7/develop/resume/protected/views/resume/index_ru.php (48)
in /home/ins7/develop/resume/protected/controllers/ResumeController.php (31)
in /home/ins7/develop/resume/index.php (12)
2015/11/12 15:53:30 [trace] [system.db.CDbCommand] Querying SQL: PRAGMA foreign_key_list('tbl_work')
in /home/ins7/develop/resume/protected/views/resume/index_ru.php (48)
in /home/ins7/develop/resume/protected/controllers/ResumeController.php (31)
in /home/ins7/develop/resume/index.php (12)
2015/11/12 15:53:30 [trace] [system.db.CDbCommand] Querying SQL: SELECT 'work'."id" AS "t1_c0", 'work'."namecompany" AS "t1_c1", 'work'."lang" AS "t1_c2", 'work'."urlcompany" AS "t1_c3", 'work'."countrycompany" AS "t1_c4", 'work'."position" AS "t1_c5", 'work'."respon" AS "t1_c6", 'work'."period" AS "t1_c7", 'work'."pub_date" AS "t1_c8", 'work'."user_id" AS "t1_c9" FROM 'tbl_work' 'work'  WHERE (lang='ru') AND ('work'."user_id"=:ypl0) ORDER BY work.pub_date DESC
in /home/ins7/develop/resume/protected/views/resume/index_ru.php (48)
in /home/ins7/develop/resume/protected/controllers/ResumeController.php (31)
in /home/ins7/develop/resume/index.php (12)
2015/11/12 16:10:56 [trace] [system.CModule] Loading "log" application component
in /home/ins7/develop/resume/index.php (12)
2015/11/12 16:10:56 [trace] [system.CModule] Loading "bootstrap" application component
in /home/ins7/develop/resume/index.php (12)
2015/11/12 16:10:56 [trace] [system.CModule] Loading "clientScript" application component
in /home/ins7/develop/resume/protected/extensions/bootstrap/components/Bootstrap.php (103)
in /home/ins7/develop/resume/protected/extensions/bootstrap/components/Bootstrap.php (84)
in /home/ins7/develop/resume/index.php (12)
2015/11/12 16:10:56 [trace] [system.CModule] Loading "assetManager" application component
in /home/ins7/develop/resume/protected/extensions/bootstrap/components/Bootstrap.php (328)
in /home/ins7/develop/resume/protected/extensions/bootstrap/components/Bootstrap.php (103)
in /home/ins7/develop/resume/protected/extensions/bootstrap/components/Bootstrap.php (84)
2015/11/12 16:10:56 [trace] [system.CModule] Loading "request" application component
in /home/ins7/develop/resume/protected/extensions/bootstrap/components/Bootstrap.php (328)
in /home/ins7/develop/resume/protected/extensions/bootstrap/components/Bootstrap.php (103)
in /home/ins7/develop/resume/protected/extensions/bootstrap/components/Bootstrap.php (84)
2015/11/12 16:10:56 [trace] [system.CModule] Loading "urlManager" application component
in /home/ins7/develop/resume/index.php (12)
2015/11/12 16:10:56 [trace] [system.CModule] Loading "user" application component
in /home/ins7/develop/resume/protected/components/Controller.php (42)
in /home/ins7/develop/resume/index.php (12)
2015/11/12 16:10:56 [trace] [system.CModule] Loading "session" application component
in /home/ins7/develop/resume/protected/components/Controller.php (42)
in /home/ins7/develop/resume/index.php (12)
2015/11/12 16:10:56 [trace] [system.CModule] Loading "securityManager" application component
in /home/ins7/develop/resume/protected/components/Controller.php (42)
in /home/ins7/develop/resume/index.php (12)
2015/11/12 16:10:56 [trace] [system.CModule] Loading "statePersister" application component
in /home/ins7/develop/resume/protected/components/Controller.php (42)
in /home/ins7/develop/resume/index.php (12)
2015/11/12 16:10:56 [trace] [system.db.ar.CActiveRecord] User.findByPk()
in /home/ins7/develop/resume/protected/controllers/ResumeController.php (20)
in /home/ins7/develop/resume/index.php (12)
2015/11/12 16:10:56 [trace] [system.CModule] Loading "db" application component
in /home/ins7/develop/resume/protected/controllers/ResumeController.php (20)
in /home/ins7/develop/resume/index.php (12)
2015/11/12 16:10:56 [trace] [system.db.CDbConnection] Opening DB connection
in /home/ins7/develop/resume/protected/controllers/ResumeController.php (20)
in /home/ins7/develop/resume/index.php (12)
2015/11/12 16:10:56 [trace] [system.db.CDbCommand] Querying SQL: PRAGMA table_info('tbl_user')
in /home/ins7/develop/resume/protected/controllers/ResumeController.php (20)
in /home/ins7/develop/resume/index.php (12)
2015/11/12 16:10:56 [trace] [system.db.CDbCommand] Querying SQL: PRAGMA foreign_key_list('tbl_user')
in /home/ins7/develop/resume/protected/controllers/ResumeController.php (20)
in /home/ins7/develop/resume/index.php (12)
2015/11/12 16:10:56 [trace] [system.db.CDbCommand] Querying SQL: PRAGMA table_info('tbl_info')
in /home/ins7/develop/resume/protected/controllers/ResumeController.php (20)
in /home/ins7/develop/resume/index.php (12)
2015/11/12 16:10:56 [trace] [system.db.CDbCommand] Querying SQL: PRAGMA foreign_key_list('tbl_info')
in /home/ins7/develop/resume/protected/controllers/ResumeController.php (20)
in /home/ins7/develop/resume/index.php (12)
2015/11/12 16:10:56 [trace] [system.db.CDbCommand] Querying SQL: SELECT 't'."id" AS "t0_c0", 't'."username" AS "t0_c1", 't'."password" AS "t0_c2", 't'."salt" AS "t0_c3", 't'."email" AS "t0_c4", 't'."profile" AS "t0_c5", 'info'."id" AS "t1_c0", 'info'."lang" AS "t1_c1", 'info'."fio" AS "t1_c2", 'info'."telephone" AS "t1_c3", 'info'."jabber" AS "t1_c4", 'info'."email" AS "t1_c5", 'info'."skype" AS "t1_c6", 'info'."icq" AS "t1_c7", 'info'."university" AS "t1_c8", 'info'."study_per" AS "t1_c9", 'info'."diploma" AS "t1_c10", 'info'."urluni" AS "t1_c11", 'info'."unicountry" AS "t1_c12", 'info'."maintitle" AS "t1_c13", 'info'."namepage" AS "t1_c14", 'info'."profession" AS "t1_c15", 'info'."quality" AS "t1_c16", 'info'."exp" AS "t1_c17", 'info'."owner_id" AS "t1_c18" FROM 'tbl_user' 't'  LEFT OUTER JOIN 'tbl_info' 'info' ON ('info'."owner_id"='t'."id") AND (lang='ru')  WHERE ('t'."id"=1)
in /home/ins7/develop/resume/protected/controllers/ResumeController.php (20)
in /home/ins7/develop/resume/index.php (12)
2015/11/12 16:10:56 [trace] [system.CModule] Loading "widgetFactory" application component
in /home/ins7/develop/resume/protected/views/resume/index_ru.php (4)
in /home/ins7/develop/resume/protected/controllers/ResumeController.php (31)
in /home/ins7/develop/resume/index.php (12)
2015/11/12 16:10:56 [trace] [system.db.ar.CActiveRecord] lazy loading User.work
in /home/ins7/develop/resume/protected/views/resume/index_ru.php (48)
in /home/ins7/develop/resume/protected/controllers/ResumeController.php (31)
in /home/ins7/develop/resume/index.php (12)
2015/11/12 16:10:56 [trace] [system.db.CDbCommand] Querying SQL: PRAGMA table_info('tbl_work')
in /home/ins7/develop/resume/protected/views/resume/index_ru.php (48)
in /home/ins7/develop/resume/protected/controllers/ResumeController.php (31)
in /home/ins7/develop/resume/index.php (12)
2015/11/12 16:10:56 [trace] [system.db.CDbCommand] Querying SQL: PRAGMA foreign_key_list('tbl_work')
in /home/ins7/develop/resume/protected/views/resume/index_ru.php (48)
in /home/ins7/develop/resume/protected/controllers/ResumeController.php (31)
in /home/ins7/develop/resume/index.php (12)
2015/11/12 16:10:56 [trace] [system.db.CDbCommand] Querying SQL: SELECT 'work'."id" AS "t1_c0", 'work'."namecompany" AS "t1_c1", 'work'."lang" AS "t1_c2", 'work'."urlcompany" AS "t1_c3", 'work'."countrycompany" AS "t1_c4", 'work'."position" AS "t1_c5", 'work'."respon" AS "t1_c6", 'work'."period" AS "t1_c7", 'work'."pub_date" AS "t1_c8", 'work'."user_id" AS "t1_c9" FROM 'tbl_work' 'work'  WHERE (lang='ru') AND ('work'."user_id"=:ypl0) ORDER BY work.pub_date DESC
in /home/ins7/develop/resume/protected/views/resume/index_ru.php (48)
in /home/ins7/develop/resume/protected/controllers/ResumeController.php (31)
in /home/ins7/develop/resume/index.php (12)
2015/11/12 16:11:11 [trace] [system.CModule] Loading "log" application component
in /home/ins7/develop/resume/index.php (12)
2015/11/12 16:11:11 [trace] [system.CModule] Loading "bootstrap" application component
in /home/ins7/develop/resume/index.php (12)
2015/11/12 16:11:11 [trace] [system.CModule] Loading "clientScript" application component
in /home/ins7/develop/resume/protected/extensions/bootstrap/components/Bootstrap.php (103)
in /home/ins7/develop/resume/protected/extensions/bootstrap/components/Bootstrap.php (84)
in /home/ins7/develop/resume/index.php (12)
2015/11/12 16:11:11 [trace] [system.CModule] Loading "assetManager" application component
in /home/ins7/develop/resume/protected/extensions/bootstrap/components/Bootstrap.php (328)
in /home/ins7/develop/resume/protected/extensions/bootstrap/components/Bootstrap.php (103)
in /home/ins7/develop/resume/protected/extensions/bootstrap/components/Bootstrap.php (84)
2015/11/12 16:11:11 [trace] [system.CModule] Loading "request" application component
in /home/ins7/develop/resume/protected/extensions/bootstrap/components/Bootstrap.php (328)
in /home/ins7/develop/resume/protected/extensions/bootstrap/components/Bootstrap.php (103)
in /home/ins7/develop/resume/protected/extensions/bootstrap/components/Bootstrap.php (84)
2015/11/12 16:11:11 [trace] [system.CModule] Loading "urlManager" application component
in /home/ins7/develop/resume/index.php (12)
2015/11/12 16:11:11 [trace] [system.CModule] Loading "user" application component
in /home/ins7/develop/resume/protected/components/Controller.php (42)
in /home/ins7/develop/resume/index.php (12)
2015/11/12 16:11:11 [trace] [system.CModule] Loading "session" application component
in /home/ins7/develop/resume/protected/components/Controller.php (42)
in /home/ins7/develop/resume/index.php (12)
2015/11/12 16:11:11 [trace] [system.CModule] Loading "securityManager" application component
in /home/ins7/develop/resume/protected/components/Controller.php (42)
in /home/ins7/develop/resume/index.php (12)
2015/11/12 16:11:11 [trace] [system.CModule] Loading "statePersister" application component
in /home/ins7/develop/resume/protected/components/Controller.php (42)
in /home/ins7/develop/resume/index.php (12)
2015/11/12 16:11:11 [trace] [system.db.ar.CActiveRecord] User.findByPk()
in /home/ins7/develop/resume/protected/controllers/ResumeController.php (20)
in /home/ins7/develop/resume/index.php (12)
2015/11/12 16:11:11 [trace] [system.CModule] Loading "db" application component
in /home/ins7/develop/resume/protected/controllers/ResumeController.php (20)
in /home/ins7/develop/resume/index.php (12)
2015/11/12 16:11:11 [trace] [system.db.CDbConnection] Opening DB connection
in /home/ins7/develop/resume/protected/controllers/ResumeController.php (20)
in /home/ins7/develop/resume/index.php (12)
2015/11/12 16:11:11 [trace] [system.db.CDbCommand] Querying SQL: PRAGMA table_info('tbl_user')
in /home/ins7/develop/resume/protected/controllers/ResumeController.php (20)
in /home/ins7/develop/resume/index.php (12)
2015/11/12 16:11:11 [trace] [system.db.CDbCommand] Querying SQL: PRAGMA foreign_key_list('tbl_user')
in /home/ins7/develop/resume/protected/controllers/ResumeController.php (20)
in /home/ins7/develop/resume/index.php (12)
2015/11/12 16:11:11 [trace] [system.db.CDbCommand] Querying SQL: PRAGMA table_info('tbl_info')
in /home/ins7/develop/resume/protected/controllers/ResumeController.php (20)
in /home/ins7/develop/resume/index.php (12)
2015/11/12 16:11:11 [trace] [system.db.CDbCommand] Querying SQL: PRAGMA foreign_key_list('tbl_info')
in /home/ins7/develop/resume/protected/controllers/ResumeController.php (20)
in /home/ins7/develop/resume/index.php (12)
2015/11/12 16:11:11 [trace] [system.db.CDbCommand] Querying SQL: SELECT 't'."id" AS "t0_c0", 't'."username" AS "t0_c1", 't'."password" AS "t0_c2", 't'."salt" AS "t0_c3", 't'."email" AS "t0_c4", 't'."profile" AS "t0_c5", 'info'."id" AS "t1_c0", 'info'."lang" AS "t1_c1", 'info'."fio" AS "t1_c2", 'info'."telephone" AS "t1_c3", 'info'."jabber" AS "t1_c4", 'info'."email" AS "t1_c5", 'info'."skype" AS "t1_c6", 'info'."icq" AS "t1_c7", 'info'."university" AS "t1_c8", 'info'."study_per" AS "t1_c9", 'info'."diploma" AS "t1_c10", 'info'."urluni" AS "t1_c11", 'info'."unicountry" AS "t1_c12", 'info'."maintitle" AS "t1_c13", 'info'."namepage" AS "t1_c14", 'info'."profession" AS "t1_c15", 'info'."quality" AS "t1_c16", 'info'."exp" AS "t1_c17", 'info'."owner_id" AS "t1_c18" FROM 'tbl_user' 't'  LEFT OUTER JOIN 'tbl_info' 'info' ON ('info'."owner_id"='t'."id") AND (lang='ru')  WHERE ('t'."id"=1)
in /home/ins7/develop/resume/protected/controllers/ResumeController.php (20)
in /home/ins7/develop/resume/index.php (12)
2015/11/12 16:11:11 [trace] [system.CModule] Loading "widgetFactory" application component
in /home/ins7/develop/resume/protected/views/resume/index_ru.php (4)
in /home/ins7/develop/resume/protected/controllers/ResumeController.php (31)
in /home/ins7/develop/resume/index.php (12)
2015/11/12 16:11:11 [trace] [system.db.ar.CActiveRecord] lazy loading User.work
in /home/ins7/develop/resume/protected/views/resume/index_ru.php (48)
in /home/ins7/develop/resume/protected/controllers/ResumeController.php (31)
in /home/ins7/develop/resume/index.php (12)
2015/11/12 16:11:11 [trace] [system.db.CDbCommand] Querying SQL: PRAGMA table_info('tbl_work')
in /home/ins7/develop/resume/protected/views/resume/index_ru.php (48)
in /home/ins7/develop/resume/protected/controllers/ResumeController.php (31)
in /home/ins7/develop/resume/index.php (12)
2015/11/12 16:11:11 [trace] [system.db.CDbCommand] Querying SQL: PRAGMA foreign_key_list('tbl_work')
in /home/ins7/develop/resume/protected/views/resume/index_ru.php (48)
in /home/ins7/develop/resume/protected/controllers/ResumeController.php (31)
in /home/ins7/develop/resume/index.php (12)
2015/11/12 16:11:11 [trace] [system.db.CDbCommand] Querying SQL: SELECT 'work'."id" AS "t1_c0", 'work'."namecompany" AS "t1_c1", 'work'."lang" AS "t1_c2", 'work'."urlcompany" AS "t1_c3", 'work'."countrycompany" AS "t1_c4", 'work'."position" AS "t1_c5", 'work'."respon" AS "t1_c6", 'work'."period" AS "t1_c7", 'work'."pub_date" AS "t1_c8", 'work'."user_id" AS "t1_c9" FROM 'tbl_work' 'work'  WHERE (lang='ru') AND ('work'."user_id"=:ypl0) ORDER BY work.pub_date DESC
in /home/ins7/develop/resume/protected/views/resume/index_ru.php (48)
in /home/ins7/develop/resume/protected/controllers/ResumeController.php (31)
in /home/ins7/develop/resume/index.php (12)
2015/11/12 16:11:20 [trace] [system.CModule] Loading "log" application component
in /home/ins7/develop/resume/index.php (12)
2015/11/12 16:11:20 [trace] [system.CModule] Loading "bootstrap" application component
in /home/ins7/develop/resume/index.php (12)
2015/11/12 16:11:20 [trace] [system.CModule] Loading "clientScript" application component
in /home/ins7/develop/resume/protected/extensions/bootstrap/components/Bootstrap.php (103)
in /home/ins7/develop/resume/protected/extensions/bootstrap/components/Bootstrap.php (84)
in /home/ins7/develop/resume/index.php (12)
2015/11/12 16:11:20 [trace] [system.CModule] Loading "assetManager" application component
in /home/ins7/develop/resume/protected/extensions/bootstrap/components/Bootstrap.php (328)
in /home/ins7/develop/resume/protected/extensions/bootstrap/components/Bootstrap.php (103)
in /home/ins7/develop/resume/protected/extensions/bootstrap/components/Bootstrap.php (84)
2015/11/12 16:11:20 [trace] [system.CModule] Loading "request" application component
in /home/ins7/develop/resume/protected/extensions/bootstrap/components/Bootstrap.php (328)
in /home/ins7/develop/resume/protected/extensions/bootstrap/components/Bootstrap.php (103)
in /home/ins7/develop/resume/protected/extensions/bootstrap/components/Bootstrap.php (84)
2015/11/12 16:11:20 [trace] [system.CModule] Loading "urlManager" application component
in /home/ins7/develop/resume/index.php (12)
2015/11/12 16:11:20 [trace] [system.CModule] Loading "user" application component
in /home/ins7/develop/resume/protected/components/Controller.php (42)
in /home/ins7/develop/resume/index.php (12)
2015/11/12 16:11:20 [trace] [system.CModule] Loading "session" application component
in /home/ins7/develop/resume/protected/components/Controller.php (42)
in /home/ins7/develop/resume/index.php (12)
2015/11/12 16:11:20 [trace] [system.CModule] Loading "securityManager" application component
in /home/ins7/develop/resume/protected/components/Controller.php (42)
in /home/ins7/develop/resume/index.php (12)
2015/11/12 16:11:20 [trace] [system.CModule] Loading "statePersister" application component
in /home/ins7/develop/resume/protected/components/Controller.php (42)
in /home/ins7/develop/resume/index.php (12)
2015/11/12 16:11:20 [trace] [system.db.ar.CActiveRecord] User.findByPk()
in /home/ins7/develop/resume/protected/controllers/ResumeController.php (20)
in /home/ins7/develop/resume/index.php (12)
2015/11/12 16:11:20 [trace] [system.CModule] Loading "db" application component
in /home/ins7/develop/resume/protected/controllers/ResumeController.php (20)
in /home/ins7/develop/resume/index.php (12)
2015/11/12 16:11:20 [trace] [system.db.CDbConnection] Opening DB connection
in /home/ins7/develop/resume/protected/controllers/ResumeController.php (20)
in /home/ins7/develop/resume/index.php (12)
2015/11/12 16:11:20 [trace] [system.db.CDbCommand] Querying SQL: PRAGMA table_info('tbl_user')
in /home/ins7/develop/resume/protected/controllers/ResumeController.php (20)
in /home/ins7/develop/resume/index.php (12)
2015/11/12 16:11:20 [trace] [system.db.CDbCommand] Querying SQL: PRAGMA foreign_key_list('tbl_user')
in /home/ins7/develop/resume/protected/controllers/ResumeController.php (20)
in /home/ins7/develop/resume/index.php (12)
2015/11/12 16:11:20 [trace] [system.db.CDbCommand] Querying SQL: PRAGMA table_info('tbl_info')
in /home/ins7/develop/resume/protected/controllers/ResumeController.php (20)
in /home/ins7/develop/resume/index.php (12)
2015/11/12 16:11:20 [trace] [system.db.CDbCommand] Querying SQL: PRAGMA foreign_key_list('tbl_info')
in /home/ins7/develop/resume/protected/controllers/ResumeController.php (20)
in /home/ins7/develop/resume/index.php (12)
2015/11/12 16:11:20 [trace] [system.db.CDbCommand] Querying SQL: SELECT 't'."id" AS "t0_c0", 't'."username" AS "t0_c1", 't'."password" AS "t0_c2", 't'."salt" AS "t0_c3", 't'."email" AS "t0_c4", 't'."profile" AS "t0_c5", 'info'."id" AS "t1_c0", 'info'."lang" AS "t1_c1", 'info'."fio" AS "t1_c2", 'info'."telephone" AS "t1_c3", 'info'."jabber" AS "t1_c4", 'info'."email" AS "t1_c5", 'info'."skype" AS "t1_c6", 'info'."icq" AS "t1_c7", 'info'."university" AS "t1_c8", 'info'."study_per" AS "t1_c9", 'info'."diploma" AS "t1_c10", 'info'."urluni" AS "t1_c11", 'info'."unicountry" AS "t1_c12", 'info'."maintitle" AS "t1_c13", 'info'."namepage" AS "t1_c14", 'info'."profession" AS "t1_c15", 'info'."quality" AS "t1_c16", 'info'."exp" AS "t1_c17", 'info'."owner_id" AS "t1_c18" FROM 'tbl_user' 't'  LEFT OUTER JOIN 'tbl_info' 'info' ON ('info'."owner_id"='t'."id") AND (lang='ru')  WHERE ('t'."id"=1)
in /home/ins7/develop/resume/protected/controllers/ResumeController.php (20)
in /home/ins7/develop/resume/index.php (12)
2015/11/12 16:11:20 [trace] [system.CModule] Loading "widgetFactory" application component
in /home/ins7/develop/resume/protected/views/resume/index_ru.php (4)
in /home/ins7/develop/resume/protected/controllers/ResumeController.php (31)
in /home/ins7/develop/resume/index.php (12)
2015/11/12 16:11:20 [trace] [system.db.ar.CActiveRecord] lazy loading User.work
in /home/ins7/develop/resume/protected/views/resume/index_ru.php (48)
in /home/ins7/develop/resume/protected/controllers/ResumeController.php (31)
in /home/ins7/develop/resume/index.php (12)
2015/11/12 16:11:20 [trace] [system.db.CDbCommand] Querying SQL: PRAGMA table_info('tbl_work')
in /home/ins7/develop/resume/protected/views/resume/index_ru.php (48)
in /home/ins7/develop/resume/protected/controllers/ResumeController.php (31)
in /home/ins7/develop/resume/index.php (12)
2015/11/12 16:11:20 [trace] [system.db.CDbCommand] Querying SQL: PRAGMA foreign_key_list('tbl_work')
in /home/ins7/develop/resume/protected/views/resume/index_ru.php (48)
in /home/ins7/develop/resume/protected/controllers/ResumeController.php (31)
in /home/ins7/develop/resume/index.php (12)
2015/11/12 16:11:20 [trace] [system.db.CDbCommand] Querying SQL: SELECT 'work'."id" AS "t1_c0", 'work'."namecompany" AS "t1_c1", 'work'."lang" AS "t1_c2", 'work'."urlcompany" AS "t1_c3", 'work'."countrycompany" AS "t1_c4", 'work'."position" AS "t1_c5", 'work'."respon" AS "t1_c6", 'work'."period" AS "t1_c7", 'work'."pub_date" AS "t1_c8", 'work'."user_id" AS "t1_c9" FROM 'tbl_work' 'work'  WHERE (lang='ru') AND ('work'."user_id"=:ypl0) ORDER BY work.pub_date DESC
in /home/ins7/develop/resume/protected/views/resume/index_ru.php (48)
in /home/ins7/develop/resume/protected/controllers/ResumeController.php (31)
in /home/ins7/develop/resume/index.php (12)
2015/11/12 16:17:05 [trace] [system.CModule] Loading "log" application component
in /home/ins7/develop/resume/index.php (12)
2015/11/12 16:17:05 [trace] [system.CModule] Loading "bootstrap" application component
in /home/ins7/develop/resume/index.php (12)
2015/11/12 16:17:05 [trace] [system.CModule] Loading "clientScript" application component
in /home/ins7/develop/resume/protected/extensions/bootstrap/components/Bootstrap.php (103)
in /home/ins7/develop/resume/protected/extensions/bootstrap/components/Bootstrap.php (84)
in /home/ins7/develop/resume/index.php (12)
2015/11/12 16:17:05 [trace] [system.CModule] Loading "assetManager" application component
in /home/ins7/develop/resume/protected/extensions/bootstrap/components/Bootstrap.php (328)
in /home/ins7/develop/resume/protected/extensions/bootstrap/components/Bootstrap.php (103)
in /home/ins7/develop/resume/protected/extensions/bootstrap/components/Bootstrap.php (84)
2015/11/12 16:17:05 [trace] [system.CModule] Loading "request" application component
in /home/ins7/develop/resume/protected/extensions/bootstrap/components/Bootstrap.php (328)
in /home/ins7/develop/resume/protected/extensions/bootstrap/components/Bootstrap.php (103)
in /home/ins7/develop/resume/protected/extensions/bootstrap/components/Bootstrap.php (84)
2015/11/12 16:17:05 [trace] [system.CModule] Loading "urlManager" application component
in /home/ins7/develop/resume/index.php (12)
2015/11/12 16:17:05 [trace] [system.CModule] Loading "user" application component
in /home/ins7/develop/resume/protected/components/Controller.php (42)
in /home/ins7/develop/resume/index.php (12)
2015/11/12 16:17:05 [trace] [system.CModule] Loading "session" application component
in /home/ins7/develop/resume/protected/components/Controller.php (42)
in /home/ins7/develop/resume/index.php (12)
2015/11/12 16:17:05 [trace] [system.CModule] Loading "securityManager" application component
in /home/ins7/develop/resume/protected/components/Controller.php (42)
in /home/ins7/develop/resume/index.php (12)
2015/11/12 16:17:05 [trace] [system.CModule] Loading "statePersister" application component
in /home/ins7/develop/resume/protected/components/Controller.php (42)
in /home/ins7/develop/resume/index.php (12)
2015/11/12 16:17:05 [trace] [system.db.ar.CActiveRecord] User.findByPk()
in /home/ins7/develop/resume/protected/controllers/ResumeController.php (20)
in /home/ins7/develop/resume/index.php (12)
2015/11/12 16:17:05 [trace] [system.CModule] Loading "db" application component
in /home/ins7/develop/resume/protected/controllers/ResumeController.php (20)
in /home/ins7/develop/resume/index.php (12)
2015/11/12 16:17:05 [trace] [system.db.CDbConnection] Opening DB connection
in /home/ins7/develop/resume/protected/controllers/ResumeController.php (20)
in /home/ins7/develop/resume/index.php (12)
2015/11/12 16:17:05 [trace] [system.db.CDbCommand] Querying SQL: PRAGMA table_info('tbl_user')
in /home/ins7/develop/resume/protected/controllers/ResumeController.php (20)
in /home/ins7/develop/resume/index.php (12)
2015/11/12 16:17:05 [trace] [system.db.CDbCommand] Querying SQL: PRAGMA foreign_key_list('tbl_user')
in /home/ins7/develop/resume/protected/controllers/ResumeController.php (20)
in /home/ins7/develop/resume/index.php (12)
2015/11/12 16:17:05 [trace] [system.db.CDbCommand] Querying SQL: PRAGMA table_info('tbl_info')
in /home/ins7/develop/resume/protected/controllers/ResumeController.php (20)
in /home/ins7/develop/resume/index.php (12)
2015/11/12 16:17:05 [trace] [system.db.CDbCommand] Querying SQL: PRAGMA foreign_key_list('tbl_info')
in /home/ins7/develop/resume/protected/controllers/ResumeController.php (20)
in /home/ins7/develop/resume/index.php (12)
2015/11/12 16:17:05 [trace] [system.db.CDbCommand] Querying SQL: SELECT 't'."id" AS "t0_c0", 't'."username" AS "t0_c1", 't'."password" AS "t0_c2", 't'."salt" AS "t0_c3", 't'."email" AS "t0_c4", 't'."profile" AS "t0_c5", 'info'."id" AS "t1_c0", 'info'."lang" AS "t1_c1", 'info'."fio" AS "t1_c2", 'info'."telephone" AS "t1_c3", 'info'."jabber" AS "t1_c4", 'info'."email" AS "t1_c5", 'info'."skype" AS "t1_c6", 'info'."icq" AS "t1_c7", 'info'."university" AS "t1_c8", 'info'."study_per" AS "t1_c9", 'info'."diploma" AS "t1_c10", 'info'."urluni" AS "t1_c11", 'info'."unicountry" AS "t1_c12", 'info'."maintitle" AS "t1_c13", 'info'."namepage" AS "t1_c14", 'info'."profession" AS "t1_c15", 'info'."quality" AS "t1_c16", 'info'."exp" AS "t1_c17", 'info'."owner_id" AS "t1_c18" FROM 'tbl_user' 't'  LEFT OUTER JOIN 'tbl_info' 'info' ON ('info'."owner_id"='t'."id") AND (lang='ru')  WHERE ('t'."id"=1)
in /home/ins7/develop/resume/protected/controllers/ResumeController.php (20)
in /home/ins7/develop/resume/index.php (12)
2015/11/12 16:17:05 [trace] [system.CModule] Loading "widgetFactory" application component
in /home/ins7/develop/resume/protected/views/resume/index_ru.php (4)
in /home/ins7/develop/resume/protected/controllers/ResumeController.php (31)
in /home/ins7/develop/resume/index.php (12)
2015/11/12 16:17:05 [trace] [system.db.ar.CActiveRecord] lazy loading User.work
in /home/ins7/develop/resume/protected/views/resume/index_ru.php (48)
in /home/ins7/develop/resume/protected/controllers/ResumeController.php (31)
in /home/ins7/develop/resume/index.php (12)
2015/11/12 16:17:05 [trace] [system.db.CDbCommand] Querying SQL: PRAGMA table_info('tbl_work')
in /home/ins7/develop/resume/protected/views/resume/index_ru.php (48)
in /home/ins7/develop/resume/protected/controllers/ResumeController.php (31)
in /home/ins7/develop/resume/index.php (12)
2015/11/12 16:17:05 [trace] [system.db.CDbCommand] Querying SQL: PRAGMA foreign_key_list('tbl_work')
in /home/ins7/develop/resume/protected/views/resume/index_ru.php (48)
in /home/ins7/develop/resume/protected/controllers/ResumeController.php (31)
in /home/ins7/develop/resume/index.php (12)
2015/11/12 16:17:05 [trace] [system.db.CDbCommand] Querying SQL: SELECT 'work'."id" AS "t1_c0", 'work'."namecompany" AS "t1_c1", 'work'."lang" AS "t1_c2", 'work'."urlcompany" AS "t1_c3", 'work'."countrycompany" AS "t1_c4", 'work'."position" AS "t1_c5", 'work'."respon" AS "t1_c6", 'work'."period" AS "t1_c7", 'work'."pub_date" AS "t1_c8", 'work'."user_id" AS "t1_c9" FROM 'tbl_work' 'work'  WHERE (lang='ru') AND ('work'."user_id"=:ypl0) ORDER BY work.pub_date DESC
in /home/ins7/develop/resume/protected/views/resume/index_ru.php (48)
in /home/ins7/develop/resume/protected/controllers/ResumeController.php (31)
in /home/ins7/develop/resume/index.php (12)
2015/11/12 16:17:08 [trace] [system.CModule] Loading "log" application component
in /home/ins7/develop/resume/index.php (12)
2015/11/12 16:17:08 [trace] [system.CModule] Loading "bootstrap" application component
in /home/ins7/develop/resume/index.php (12)
2015/11/12 16:17:08 [trace] [system.CModule] Loading "clientScript" application component
in /home/ins7/develop/resume/protected/extensions/bootstrap/components/Bootstrap.php (103)
in /home/ins7/develop/resume/protected/extensions/bootstrap/components/Bootstrap.php (84)
in /home/ins7/develop/resume/index.php (12)
2015/11/12 16:17:08 [trace] [system.CModule] Loading "assetManager" application component
in /home/ins7/develop/resume/protected/extensions/bootstrap/components/Bootstrap.php (328)
in /home/ins7/develop/resume/protected/extensions/bootstrap/components/Bootstrap.php (103)
in /home/ins7/develop/resume/protected/extensions/bootstrap/components/Bootstrap.php (84)
2015/11/12 16:17:08 [trace] [system.CModule] Loading "request" application component
in /home/ins7/develop/resume/protected/extensions/bootstrap/components/Bootstrap.php (328)
in /home/ins7/develop/resume/protected/extensions/bootstrap/components/Bootstrap.php (103)
in /home/ins7/develop/resume/protected/extensions/bootstrap/components/Bootstrap.php (84)
2015/11/12 16:17:08 [trace] [system.CModule] Loading "urlManager" application component
in /home/ins7/develop/resume/index.php (12)
2015/11/12 16:17:08 [trace] [system.CModule] Loading "user" application component
in /home/ins7/develop/resume/protected/components/Controller.php (37)
in /home/ins7/develop/resume/index.php (12)
2015/11/12 16:17:08 [trace] [system.CModule] Loading "session" application component
in /home/ins7/develop/resume/protected/components/Controller.php (37)
in /home/ins7/develop/resume/index.php (12)
2015/11/12 16:17:08 [trace] [system.CModule] Loading "securityManager" application component
in /home/ins7/develop/resume/protected/components/Controller.php (37)
in /home/ins7/develop/resume/index.php (12)
2015/11/12 16:17:08 [trace] [system.CModule] Loading "statePersister" application component
in /home/ins7/develop/resume/protected/components/Controller.php (37)
in /home/ins7/develop/resume/index.php (12)
2015/11/12 16:17:08 [trace] [system.db.ar.CActiveRecord] User.findByPk()
in /home/ins7/develop/resume/protected/controllers/ResumeController.php (20)
in /home/ins7/develop/resume/index.php (12)
2015/11/12 16:17:08 [trace] [system.CModule] Loading "db" application component
in /home/ins7/develop/resume/protected/controllers/ResumeController.php (20)
in /home/ins7/develop/resume/index.php (12)
2015/11/12 16:17:08 [trace] [system.db.CDbConnection] Opening DB connection
in /home/ins7/develop/resume/protected/controllers/ResumeController.php (20)
in /home/ins7/develop/resume/index.php (12)
2015/11/12 16:17:08 [trace] [system.db.CDbCommand] Querying SQL: PRAGMA table_info('tbl_user')
in /home/ins7/develop/resume/protected/controllers/ResumeController.php (20)
in /home/ins7/develop/resume/index.php (12)
2015/11/12 16:17:08 [trace] [system.db.CDbCommand] Querying SQL: PRAGMA foreign_key_list('tbl_user')
in /home/ins7/develop/resume/protected/controllers/ResumeController.php (20)
in /home/ins7/develop/resume/index.php (12)
2015/11/12 16:17:08 [trace] [system.db.CDbCommand] Querying SQL: PRAGMA table_info('tbl_info')
in /home/ins7/develop/resume/protected/controllers/ResumeController.php (20)
in /home/ins7/develop/resume/index.php (12)
2015/11/12 16:17:08 [trace] [system.db.CDbCommand] Querying SQL: PRAGMA foreign_key_list('tbl_info')
in /home/ins7/develop/resume/protected/controllers/ResumeController.php (20)
in /home/ins7/develop/resume/index.php (12)
2015/11/12 16:17:08 [trace] [system.db.CDbCommand] Querying SQL: SELECT 't'."id" AS "t0_c0", 't'."username" AS "t0_c1", 't'."password" AS "t0_c2", 't'."salt" AS "t0_c3", 't'."email" AS "t0_c4", 't'."profile" AS "t0_c5", 'info'."id" AS "t1_c0", 'info'."lang" AS "t1_c1", 'info'."fio" AS "t1_c2", 'info'."telephone" AS "t1_c3", 'info'."jabber" AS "t1_c4", 'info'."email" AS "t1_c5", 'info'."skype" AS "t1_c6", 'info'."icq" AS "t1_c7", 'info'."university" AS "t1_c8", 'info'."study_per" AS "t1_c9", 'info'."diploma" AS "t1_c10", 'info'."urluni" AS "t1_c11", 'info'."unicountry" AS "t1_c12", 'info'."maintitle" AS "t1_c13", 'info'."namepage" AS "t1_c14", 'info'."profession" AS "t1_c15", 'info'."quality" AS "t1_c16", 'info'."exp" AS "t1_c17", 'info'."owner_id" AS "t1_c18" FROM 'tbl_user' 't'  LEFT OUTER JOIN 'tbl_info' 'info' ON ('info'."owner_id"='t'."id") AND (lang='en')  WHERE ('t'."id"=1)
in /home/ins7/develop/resume/protected/controllers/ResumeController.php (20)
in /home/ins7/develop/resume/index.php (12)
2015/11/12 16:17:08 [trace] [system.CModule] Loading "widgetFactory" application component
in /home/ins7/develop/resume/protected/views/resume/index_en.php (4)
in /home/ins7/develop/resume/protected/controllers/ResumeController.php (35)
in /home/ins7/develop/resume/index.php (12)
2015/11/12 16:17:08 [trace] [system.db.ar.CActiveRecord] lazy loading User.work
in /home/ins7/develop/resume/protected/views/resume/index_en.php (48)
in /home/ins7/develop/resume/protected/controllers/ResumeController.php (35)
in /home/ins7/develop/resume/index.php (12)
2015/11/12 16:17:08 [trace] [system.db.CDbCommand] Querying SQL: PRAGMA table_info('tbl_work')
in /home/ins7/develop/resume/protected/views/resume/index_en.php (48)
in /home/ins7/develop/resume/protected/controllers/ResumeController.php (35)
in /home/ins7/develop/resume/index.php (12)
2015/11/12 16:17:08 [trace] [system.db.CDbCommand] Querying SQL: PRAGMA foreign_key_list('tbl_work')
in /home/ins7/develop/resume/protected/views/resume/index_en.php (48)
in /home/ins7/develop/resume/protected/controllers/ResumeController.php (35)
in /home/ins7/develop/resume/index.php (12)
2015/11/12 16:17:08 [trace] [system.db.CDbCommand] Querying SQL: SELECT 'work'."id" AS "t1_c0", 'work'."namecompany" AS "t1_c1", 'work'."lang" AS "t1_c2", 'work'."urlcompany" AS "t1_c3", 'work'."countrycompany" AS "t1_c4", 'work'."position" AS "t1_c5", 'work'."respon" AS "t1_c6", 'work'."period" AS "t1_c7", 'work'."pub_date" AS "t1_c8", 'work'."user_id" AS "t1_c9" FROM 'tbl_work' 'work'  WHERE (lang='en') AND ('work'."user_id"=:ypl0) ORDER BY work.pub_date DESC
in /home/ins7/develop/resume/protected/views/resume/index_en.php (48)
in /home/ins7/develop/resume/protected/controllers/ResumeController.php (35)
in /home/ins7/develop/resume/index.php (12)
